0 info it worked if it ends with ok
1 verbose cli [ 'C:\\Users\\Aymeric_De_Martin\\Documents\\NodeJS\\node.exe',
1 verbose cli   'C:\\Users\\Aymeric_De_Martin\\Documents\\NodeJS\\node_modules\\npm\\bin\\npm-cli.js',
1 verbose cli   'publish' ]
2 info using npm@3.10.10
3 info using node@v6.10.0
4 verbose publish [ '.' ]
5 silly cache add args [ '.', null ]
6 verbose cache add spec .
7 silly cache add parsed spec Result {
7 silly cache add   raw: '.',
7 silly cache add   scope: null,
7 silly cache add   escapedName: null,
7 silly cache add   name: null,
7 silly cache add   rawSpec: '.',
7 silly cache add   spec: 'C:\\Users\\Aymeric_De_Martin\\Documents\\GitHub\\SharepointPlus',
7 silly cache add   type: 'directory' }
8 verbose addLocalDirectory C:\Users\Aymeric_De_Martin\AppData\Roaming\npm-cache\sharepointplus\4.0.0\package.tgz not in flight; packing
9 verbose correctMkdir C:\Users\Aymeric_De_Martin\AppData\Roaming\npm-cache correctMkdir not in flight; initializing
10 info lifecycle sharepointplus@4.0.0~prepublish: sharepointplus@4.0.0
11 silly lifecycle sharepointplus@4.0.0~prepublish: no script for prepublish, continuing
12 verbose tar pack [ 'C:\\Users\\Aymeric_De_Martin\\AppData\\Roaming\\npm-cache\\sharepointplus\\4.0.0\\package.tgz',
12 verbose tar pack   'C:\\Users\\Aymeric_De_Martin\\Documents\\GitHub\\SharepointPlus' ]
13 verbose tarball C:\Users\Aymeric_De_Martin\AppData\Roaming\npm-cache\sharepointplus\4.0.0\package.tgz
14 verbose folder C:\Users\Aymeric_De_Martin\Documents\GitHub\SharepointPlus
15 verbose addLocalTarball adding from inside cache C:\Users\Aymeric_De_Martin\AppData\Roaming\npm-cache\sharepointplus\4.0.0\package.tgz
16 verbose correctMkdir C:\Users\Aymeric_De_Martin\AppData\Roaming\npm-cache correctMkdir not in flight; initializing
17 silly cache afterAdd sharepointplus@4.0.0
18 verbose afterAdd C:\Users\Aymeric_De_Martin\AppData\Roaming\npm-cache\sharepointplus\4.0.0\package\package.json not in flight; writing
19 verbose correctMkdir C:\Users\Aymeric_De_Martin\AppData\Roaming\npm-cache correctMkdir not in flight; initializing
20 verbose afterAdd C:\Users\Aymeric_De_Martin\AppData\Roaming\npm-cache\sharepointplus\4.0.0\package\package.json written
21 silly publish { name: 'sharepointplus',
21 silly publish   version: '4.0.0',
21 silly publish   description: 'A library that offers an easy interface to deal with Sharepoint',
21 silly publish   main: 'sharepointplus-4.0.js',
21 silly publish   directories: { doc: 'docs' },
21 silly publish   dependencies: { 'sp-request': '>= 1.1.5', xmldom: '>= 0.1.27' },
21 silly publish   scripts: { test: 'echo "Error: no test specified" && exit 1' },
21 silly publish   repository:
21 silly publish    { type: 'git',
21 silly publish      url: 'git+https://github.com/Aymkdn/SharepointPlus.git' },
21 silly publish   keywords: [ 'sharepoint' ],
21 silly publish   author: { name: 'AymKdn' },
21 silly publish   license: 'LGPL-3.0',
21 silly publish   bugs: { url: 'https://github.com/Aymkdn/SharepointPlus/issues' },
21 silly publish   homepage: 'http://aymkdn.github.io/SharepointPlus/',
21 silly publish   readme: 'SharepointPlus\r\n==============\r\n\r\n[![Average time to resolve an issue](http://isitmaintained.com/badge/resolution/aymkdn/sharepointplus.svg)](http://isitmaintained.com/project/aymkdn/sharepointplus "Average time to resolve an issue")\r\n[![Percentage of issues still open](http://isitmaintained.com/badge/open/aymkdn/sharepointplus.svg)](http://isitmaintained.com/project/aymkdn/sharepointplus "Percentage of issues still open")\r\n\r\nSharepointPlus ($SP) is a JavaScript library which offers some extended features for SharePoint entirely on client side (requires no server install). $SP will simplify your interactions with the Sharepoint Web Services and will help you to deal with the List Forms.\r\n\r\nOther JavaScript library like this one are often complex, with few or no example. With SharepointPlus it\'s easy (like the SQL syntax) and you\'ll find examples for each method.\r\n\r\nSee: http://aymkdn.github.com/SharepointPlus/\r\n',
21 silly publish   readmeFilename: 'README.md',
21 silly publish   gitHead: 'a4dd9b96dc30139a67fc13a7969d0f34f1c003c0',
21 silly publish   _id: 'sharepointplus@4.0.0',
21 silly publish   _shasum: '16d9f1fc1e9e8fa1f018022b31b114e0f201d82b',
21 silly publish   _from: '.' }
22 verbose getPublishConfig undefined
23 silly mapToRegistry name sharepointplus
24 silly mapToRegistry using default registry
25 silly mapToRegistry registry https://registry.npmjs.org/
26 silly mapToRegistry data Result {
26 silly mapToRegistry   raw: 'sharepointplus',
26 silly mapToRegistry   scope: null,
26 silly mapToRegistry   escapedName: 'sharepointplus',
26 silly mapToRegistry   name: 'sharepointplus',
26 silly mapToRegistry   rawSpec: '',
26 silly mapToRegistry   spec: 'latest',
26 silly mapToRegistry   type: 'tag' }
27 silly mapToRegistry uri https://registry.npmjs.org/sharepointplus
28 verbose publish registryBase https://registry.npmjs.org/
29 silly publish uploading C:\Users\Aymeric_De_Martin\AppData\Roaming\npm-cache\sharepointplus\4.0.0\package.tgz
30 verbose request uri https://registry.npmjs.org/sharepointplus
31 verbose request sending authorization for write operation
32 info attempt registry request try #1 at 09:33:05
33 verbose request using bearer token for auth
34 verbose request id 98497b326066e3bf
35 http request PUT https://registry.npmjs.org/sharepointplus
36 http 403 https://registry.npmjs.org/sharepointplus
37 verbose headers { 'content-type': 'application/json',
37 verbose headers   'cache-control': 'max-age=300',
37 verbose headers   'content-length': '95',
37 verbose headers   'accept-ranges': 'bytes',
37 verbose headers   date: 'Thu, 04 May 2017 07:33:07 GMT',
37 verbose headers   via: '1.1 varnish',
37 verbose headers   connection: 'keep-alive',
37 verbose headers   'x-served-by': 'cache-lcy1150-LCY',
37 verbose headers   'x-cache': 'MISS',
37 verbose headers   'x-cache-hits': '0',
37 verbose headers   'x-timer': 'S1493883186.645809,VS0,VE1561',
37 verbose headers   vary: 'Accept-Encoding' }
38 verbose request invalidating C:\Users\Aymeric_De_Martin\AppData\Roaming\npm-cache\registry.npmjs.org\sharepointplus on PUT
39 error publish Failed PUT 403
40 verbose stack Error: "You cannot publish over the previously published version 4.0.0." : sharepointplus
40 verbose stack     at makeError (C:\Users\Aymeric_De_Martin\Documents\NodeJS\node_modules\npm\node_modules\npm-registry-client\lib\request.js:302:12)
40 verbose stack     at CachingRegistryClient.<anonymous> (C:\Users\Aymeric_De_Martin\Documents\NodeJS\node_modules\npm\node_modules\npm-registry-client\lib\request.js:290:14)
40 verbose stack     at Request._callback (C:\Users\Aymeric_De_Martin\Documents\NodeJS\node_modules\npm\node_modules\npm-registry-client\lib\request.js:210:14)
40 verbose stack     at Request.self.callback (C:\Users\Aymeric_De_Martin\Documents\NodeJS\node_modules\npm\node_modules\request\request.js:187:22)
40 verbose stack     at emitTwo (events.js:106:13)
40 verbose stack     at Request.emit (events.js:191:7)
40 verbose stack     at Request.<anonymous> (C:\Users\Aymeric_De_Martin\Documents\NodeJS\node_modules\npm\node_modules\request\request.js:1048:10)
40 verbose stack     at emitOne (events.js:96:13)
40 verbose stack     at Request.emit (events.js:188:7)
40 verbose stack     at IncomingMessage.<anonymous> (C:\Users\Aymeric_De_Martin\Documents\NodeJS\node_modules\npm\node_modules\request\request.js:969:12)
41 verbose statusCode 403
42 verbose pkgid sharepointplus
43 verbose cwd C:\Users\Aymeric_De_Martin\Documents\GitHub\SharepointPlus
44 error Windows_NT 10.0.14393
45 error argv "C:\\Users\\Aymeric_De_Martin\\Documents\\NodeJS\\node.exe" "C:\\Users\\Aymeric_De_Martin\\Documents\\NodeJS\\node_modules\\npm\\bin\\npm-cli.js" "publish"
46 error node v6.10.0
47 error npm  v3.10.10
48 error code E403
49 error "You cannot publish over the previously published version 4.0.0." : sharepointplus
50 error If you need help, you may report this error at:
50 error     <https://github.com/npm/npm/issues>
51 verbose exit [ 1, true ]
